{"name": "test_drag_and_drop[chrome]", "status": "failed", "statusDetails": {"message": "AssertionError: assert 'Dropped!' in 'Drop here'\n +  where 'Drop here' = <selenium.webdriver.remote.webelement.WebElement (session=\"7280ec0ba9425e1e89d22969babe622c\", element=\"f.7E9B930DC77DE1D86B2CBDF9C4AC5E93.d.825CEDF9E7CBC2F002D2A8FB0871CD4E.e.26\")>.text", "trace": "setup = <selenium.webdriver.chrome.webdriver.WebDriver (session=\"7280ec0ba9425e1e89d22969babe622c\")>\n\n    def test_drag_and_drop(setup):\n        driver = setup\n        driver.get(\"https://demoqa.com/droppable\")\n        src = driver.find_element(By.ID, \"draggable\")\n        target = driver.find_element(By.ID, \"droppable\")\n        ActionChains(driver).drag_and_drop(src, target).perform()\n>       assert \"Dropped!\" in target.text\nE       assert 'Dropped!' in 'Drop here'\nE        +  where 'Drop here' = <selenium.webdriver.remote.webelement.WebElement (session=\"7280ec0ba9425e1e89d22969babe622c\", element=\"f.7E9B930DC77DE1D86B2CBDF9C4AC5E93.d.825CEDF9E7CBC2F002D2A8FB0871CD4E.e.26\")>.text\n\ntests\\test_actions_demoqa.py:11: AssertionError"}, "parameters": [{"name": "setup", "value": "'chrome'"}], "start": 1761279163546, "stop": 1761279173486, "uuid": "71399629-f1ba-4ad8-823d-3fe8e41e545b", "historyId": "26516297ede28059882a3067b4eb7e43", "testCaseId": "a9453a819d9e004e8f5a4d2e522e83a7", "fullName": "tests.test_actions_demoqa#test_drag_and_drop", "labels": [{"name": "parentSuite", "value": "tests"}, {"name": "suite", "value": "test_actions_demoqa"}, {"name": "host", "value": "ASCENDI-QI7C07E"}, {"name": "thread", "value": "304-MainThread"}, {"name": "framework", "value": "pytest"}, {"name": "language", "value": "cpython3"}, {"name": "package", "value": "tests.test_actions_demoqa"}], "titlePath": ["tests", "test_actions_demoqa.py"]}