{"name": "test_drag_and_drop[edge]", "status": "failed", "statusDetails": {"message": "AssertionError: assert 'Dropped!' in 'Drop here'\n +  where 'Drop here' = <selenium.webdriver.remote.webelement.WebElement (session=\"acffcfac150b13a9fd900e6a8ff0b469\", element=\"f.DA2C4D2B9091989BE08149C9E487FF29.d.F67AD8A36EEFED1A9DDDACA3E3436671.e.27\")>.text", "trace": "setup = <selenium.webdriver.edge.webdriver.WebDriver (session=\"acffcfac150b13a9fd900e6a8ff0b469\")>\n\n    def test_drag_and_drop(setup):\n        driver = setup\n        driver.get(\"https://demoqa.com/droppable\")\n        src = driver.find_element(By.ID, \"draggable\")\n        target = driver.find_element(By.ID, \"droppable\")\n        ActionChains(driver).drag_and_drop(src, target).perform()\n>       assert \"Dropped!\" in target.text\nE       assert 'Dropped!' in 'Drop here'\nE        +  where 'Drop here' = <selenium.webdriver.remote.webelement.WebElement (session=\"acffcfac150b13a9fd900e6a8ff0b469\", element=\"f.DA2C4D2B9091989BE08149C9E487FF29.d.F67AD8A36EEFED1A9DDDACA3E3436671.e.27\")>.text\n\ntests\\test_actions_demoqa.py:11: AssertionError"}, "parameters": [{"name": "setup", "value": "'edge'"}], "start": 1761279181007, "stop": 1761279196182, "uuid": "d9d2d930-c293-400c-bf6f-ccd15f8e37b9", "historyId": "26ca8ffc35898be0ab1213462a7e29cb", "testCaseId": "a9453a819d9e004e8f5a4d2e522e83a7", "fullName": "tests.test_actions_demoqa#test_drag_and_drop", "labels": [{"name": "parentSuite", "value": "tests"}, {"name": "suite", "value": "test_actions_demoqa"}, {"name": "host", "value": "ASCENDI-QI7C07E"}, {"name": "thread", "value": "304-MainThread"}, {"name": "framework", "value": "pytest"}, {"name": "language", "value": "cpython3"}, {"name": "package", "value": "tests.test_actions_demoqa"}], "titlePath": ["tests", "test_actions_demoqa.py"]}